[debug] [2018-11-24T16:42:21.183Z] ----------------------------------------------------------------------
[debug] [2018-11-24T16:42:21.187Z] Command:       /usr/local/bin/node /usr/local/bin/firebase serve
[debug] [2018-11-24T16:42:21.187Z] CLI Version:   6.1.1
[debug] [2018-11-24T16:42:21.187Z] Platform:      darwin
[debug] [2018-11-24T16:42:21.187Z] Node Version:  v10.13.0
[debug] [2018-11-24T16:42:21.189Z] Time:          Sat Nov 24 2018 10:42:21 GMT-0600 (Central Standard Time)
[debug] [2018-11-24T16:42:21.189Z] ----------------------------------------------------------------------
[debug] 
[debug] [2018-11-24T16:42:21.204Z] > command requires scopes: ["email","openid","https://www.googleapis.com/auth/cloudplatformprojects.readonly","https://www.googleapis.com/auth/firebase","https://www.googleapis.com/auth/cloud-platform"]
[debug] [2018-11-24T16:42:21.204Z] > authorizing via signed-in user
[debug] [2018-11-24T16:42:21.205Z] [iam] checking project test-demo-94464 for permissions ["firebase.projects.get"]
[debug] [2018-11-24T16:42:21.208Z] >>> HTTP REQUEST POST https://cloudresourcemanager.googleapis.com/v1/projects/test-demo-94464:testIamPermissions  

[debug] [2018-11-24T16:42:21.864Z] <<< HTTP RESPONSE 200
[debug] [2018-11-24T16:42:21.865Z] >>> HTTP REQUEST GET https://cloudresourcemanager.googleapis.com/v1/projects/test-demo-94464  
 
[debug] [2018-11-24T16:42:22.112Z] <<< HTTP RESPONSE 200
[info] 
[info] === Serving from '/Users/GG46195x/Documents/School/EasyWaiterFrontEnd'...
[info] 
[debug] [2018-11-24T16:42:23.689Z] Error: EACCES: permission denied, mkdir '/usr/local/lib/node_modules/firebase-tools/node_modules/@google-cloud/functions-emulator/logs'
    at Object.mkdirSync (fs.js:750:3)
    at Object.assertLogsPath (/usr/local/lib/node_modules/firebase-tools/node_modules/@google-cloud/functions-emulator/src/emulator/logs.js:65:10)
    at new Controller (/usr/local/lib/node_modules/firebase-tools/node_modules/@google-cloud/functions-emulator/src/cli/controller.js:77:32)
    at FunctionsEmulator.start (/usr/local/lib/node_modules/firebase-tools/lib/functionsEmulator.js:102:23)
    at Object.start (/usr/local/lib/node_modules/firebase-tools/lib/serve/functions.js:7:33)
    at /usr/local/lib/node_modules/firebase-tools/lib/serve/index.js:15:23
    at arrayMap (/usr/local/lib/node_modules/firebase-tools/node_modules/lodash/lodash.js:639:23)
    at Function.map (/usr/local/lib/node_modules/firebase-tools/node_modules/lodash/lodash.js:9556:14)
    at _serve (/usr/local/lib/node_modules/firebase-tools/lib/serve/index.js:13:26)
    at Command.module.exports.Command.description.option.option.option.option.before.action [as _action] (/usr/local/lib/node_modules/firebase-tools/lib/commands/serve.js:55:12)
[error] 
[error] Error: An unexpected error has occurred.
